<?xml version="1.0" encoding="UTF-8"?>
<testsuite name="com.codeigen.rest.integration.PaymentControllerITest" tests="2" skipped="0" failures="0" errors="0" timestamp="2024-03-09T11:29:45" hostname="Gauravs-MacBook-Pro.local" time="1.318">
  <properties/>
  <testcase name="testHello()" classname="com.codeigen.rest.integration.PaymentControllerITest" time="1.203"/>
  <testcase name="testPayments()" classname="com.codeigen.rest.integration.PaymentControllerITest" time="0.112"/>
  <system-out><![CDATA[11:29:42.563 [Test worker] INFO org.springframework.test.context.support.AnnotationConfigContextLoaderUtils -- Could not detect default configuration classes for test class [com.codeigen.rest.integration.PaymentControllerITest]: PaymentControllerITest does not declare any static, non-private, non-final, nested classes annotated with @Configuration.
11:29:42.695 [Test worker] INFO org.springframework.boot.test.context.SpringBootTestContextBootstrapper -- Found @SpringBootConfiguration com.codeigen.rest.PaymentApp for test class com.codeigen.rest.integration.PaymentControllerITest

  .   ____          _            __ _ _
 /\\ / ___'_ __ _ _(_)_ __  __ _ \ \ \ \
( ( )\___ | '_ | '_| | '_ \/ _` | \ \ \ \
 \\/  ___)| |_)| | | | | || (_| |  ) ) ) )
  '  |____| .__|_| |_|_| |_\__, | / / / /
 =========|_|==============|___/=/_/_/_/
 :: Spring Boot ::                (v3.2.3)

2024-03-09T11:29:43.166Z  INFO 59747 --- [    Test worker] c.c.r.i.PaymentControllerITest           : Starting PaymentControllerITest using Java 21 with PID 59747 (started by gauravs in /Users/gauravs/codes/github.com/springboot-lab/sb-rest)
2024-03-09T11:29:43.168Z  INFO 59747 --- [    Test worker] c.c.r.i.PaymentControllerITest           : The following 1 profile is active: "itest"
2024-03-09T11:29:44.484Z  INFO 59747 --- [    Test worker] o.s.b.w.embedded.tomcat.TomcatWebServer  : Tomcat initialized with port 0 (http)
2024-03-09T11:29:44.501Z  INFO 59747 --- [    Test worker] o.apache.catalina.core.StandardService   : Starting service [Tomcat]
2024-03-09T11:29:44.501Z  INFO 59747 --- [    Test worker] o.apache.catalina.core.StandardEngine    : Starting Servlet engine: [Apache Tomcat/10.1.19]
2024-03-09T11:29:44.560Z  INFO 59747 --- [    Test worker] o.a.c.c.C.[Tomcat].[localhost].[/]       : Initializing Spring embedded WebApplicationContext
2024-03-09T11:29:44.562Z  INFO 59747 --- [    Test worker] w.s.c.ServletWebServerApplicationContext : Root WebApplicationContext: initialization completed in 1366 ms
2024-03-09T11:29:45.060Z  INFO 59747 --- [    Test worker] o.s.b.w.embedded.tomcat.TomcatWebServer  : Tomcat started on port 55229 (http) with context path ''
2024-03-09T11:29:45.071Z  INFO 59747 --- [    Test worker] c.c.r.i.PaymentControllerITest           : Started PaymentControllerITest in 2.226 seconds (process running for 3.579)
2024-03-09T11:29:46.218Z  INFO 59747 --- [o-auto-1-exec-1] o.a.c.c.C.[Tomcat].[localhost].[/]       : Initializing Spring DispatcherServlet 'dispatcherServlet'
2024-03-09T11:29:46.218Z  INFO 59747 --- [o-auto-1-exec-1] o.s.web.servlet.DispatcherServlet        : Initializing Servlet 'dispatcherServlet'
2024-03-09T11:29:46.220Z  INFO 59747 --- [o-auto-1-exec-1] o.s.web.servlet.DispatcherServlet        : Completed initialization in 1 ms
]]></system-out>
  <system-err><![CDATA[WARNING: A Java agent has been loaded dynamically (/Users/gauravs/.gradle/caches/modules-2/files-2.1/net.bytebuddy/byte-buddy-agent/1.14.12/be4984cb6fd1ef1d11f218a648889dfda44b8a15/byte-buddy-agent-1.14.12.jar)
WARNING: If a serviceability tool is in use, please run with -XX:+EnableDynamicAgentLoading to hide this warning
WARNING: If a serviceability tool is not in use, please run with -Djdk.instrument.traceUsage for more information
WARNING: Dynamic loading of agents will be disallowed by default in a future release
]]></system-err>
</testsuite>
